2018-05-02 18:06:05,147 __main__ [INFO]: We sent the message of ['G', 'E', 'T', '_', 'D', 'A', 'T', 'A'](GET_DATA)
2018-05-02 18:06:05,148 __main__ [INFO]: No payload received
2018-05-02 18:06:06,206 __main__ [INFO]: We sent the message of ['G', 'E', 'T', '_', 'D', 'A', 'T', 'A'](GET_DATA)
2018-05-02 18:06:06,206 __main__ [INFO]: No payload received
2018-05-02 18:06:07,264 __main__ [INFO]: We sent the message of ['G', 'E', 'T', '_', 'D', 'A', 'T', 'A'](GET_DATA)
2018-05-02 18:06:07,265 __main__ [INFO]: No payload received
2018-05-02 18:06:08,326 __main__ [INFO]: We sent the message of ['G', 'E', 'T', '_', 'D', 'A', 'T', 'A'](GET_DATA)
2018-05-02 18:06:08,327 __main__ [INFO]: No payload received
2018-05-02 18:06:09,385 __main__ [INFO]: We sent the message of ['G', 'E', 'T', '_', 'D', 'A', 'T', 'A'](GET_DATA)
2018-05-02 18:06:09,386 __main__ [INFO]: No payload received
2018-05-02 18:06:10,444 __main__ [INFO]: We sent the message of ['G', 'E', 'T', '_', 'D', 'A', 'T', 'A'](GET_DATA)
2018-05-02 18:06:10,445 __main__ [INFO]: No payload received
2018-05-02 18:06:11,502 __main__ [INFO]: We sent the message of ['G', 'E', 'T', '_', 'D', 'A', 'T', 'A'](GET_DATA)
2018-05-02 18:06:11,503 __main__ [INFO]: No payload received
2018-05-02 18:08:36,796 __main__ [INFO]: El mensaje enviado fue GET_DATA['G', 'E', 'T', '_', 'D', 'A', 'T', 'A']
2018-05-02 18:08:36,797 __main__ [INFO]: No payload received
2018-05-02 18:08:37,855 __main__ [INFO]: El mensaje enviado fue GET_DATA['G', 'E', 'T', '_', 'D', 'A', 'T', 'A']
2018-05-02 18:08:37,856 __main__ [INFO]: No payload received
2018-05-02 18:08:38,914 __main__ [INFO]: El mensaje enviado fue GET_DATA['G', 'E', 'T', '_', 'D', 'A', 'T', 'A']
2018-05-02 18:08:38,915 __main__ [INFO]: No payload received
2018-05-02 18:08:39,976 __main__ [INFO]: El mensaje enviado fue GET_DATA['G', 'E', 'T', '_', 'D', 'A', 'T', 'A']
2018-05-02 18:08:39,976 __main__ [INFO]: No payload received
2018-05-02 18:08:41,034 __main__ [INFO]: El mensaje enviado fue GET_DATA['G', 'E', 'T', '_', 'D', 'A', 'T', 'A']
2018-05-02 18:08:41,035 __main__ [INFO]: No payload received
2018-05-02 18:08:42,093 __main__ [INFO]: El mensaje enviado fue GET_DATA['G', 'E', 'T', '_', 'D', 'A', 'T', 'A']
2018-05-02 18:08:42,094 __main__ [INFO]: No payload received
2018-05-02 18:08:43,152 __main__ [INFO]: El mensaje enviado fue GET_DATA['G', 'E', 'T', '_', 'D', 'A', 'T', 'A']
2018-05-02 18:08:43,153 __main__ [INFO]: No payload received
2018-05-02 18:08:44,211 __main__ [INFO]: El mensaje enviado fue GET_DATA['G', 'E', 'T', '_', 'D', 'A', 'T', 'A']
2018-05-02 18:08:44,212 __main__ [INFO]: No payload received
2018-05-02 18:08:45,271 __main__ [INFO]: El mensaje enviado fue GET_DATA['G', 'E', 'T', '_', 'D', 'A', 'T', 'A']
2018-05-02 18:08:45,272 __main__ [INFO]: No payload received
2018-05-02 18:10:06,207 __main__ [INFO]: El mensaje enviado fue GET_DATA ['G', 'E', 'T', '_', 'D', 'A', 'T', 'A']
2018-05-02 18:10:06,208 __main__ [ERROR]: No payload received
2018-05-02 18:10:07,265 __main__ [INFO]: El mensaje enviado fue GET_DATA ['G', 'E', 'T', '_', 'D', 'A', 'T', 'A']
2018-05-02 18:10:07,266 __main__ [ERROR]: No payload received
2018-05-02 18:10:08,328 __main__ [INFO]: El mensaje enviado fue GET_DATA ['G', 'E', 'T', '_', 'D', 'A', 'T', 'A']
2018-05-02 18:10:08,329 __main__ [ERROR]: No payload received
2018-05-02 18:10:09,387 __main__ [INFO]: El mensaje enviado fue GET_DATA ['G', 'E', 'T', '_', 'D', 'A', 'T', 'A']
2018-05-02 18:10:09,388 __main__ [ERROR]: No payload received
2018-05-02 18:10:10,446 __main__ [INFO]: El mensaje enviado fue GET_DATA ['G', 'E', 'T', '_', 'D', 'A', 'T', 'A']
2018-05-02 18:10:10,447 __main__ [ERROR]: No payload received
2018-05-02 18:10:11,493 __main__ [INFO]: El mensaje enviado fue GET_DATA ['G', 'E', 'T', '_', 'D', 'A', 'T', 'A']
2018-05-02 18:10:11,494 __main__ [ERROR]: No payload received
2018-05-02 18:10:12,552 __main__ [INFO]: El mensaje enviado fue GET_DATA ['G', 'E', 'T', '_', 'D', 'A', 'T', 'A']
2018-05-02 18:10:12,553 __main__ [ERROR]: No payload received
2018-05-02 18:10:13,613 __main__ [INFO]: El mensaje enviado fue GET_DATA ['G', 'E', 'T', '_', 'D', 'A', 'T', 'A']
2018-05-02 18:10:13,614 __main__ [ERROR]: No payload received
2018-05-02 18:10:14,673 __main__ [INFO]: El mensaje enviado fue GET_DATA ['G', 'E', 'T', '_', 'D', 'A', 'T', 'A']
2018-05-02 18:10:14,673 __main__ [ERROR]: No payload received
2018-05-02 18:10:15,732 __main__ [INFO]: El mensaje enviado fue GET_DATA ['G', 'E', 'T', '_', 'D', 'A', 'T', 'A']
2018-05-02 18:10:15,733 __main__ [ERROR]: No payload received
2018-05-02 18:10:16,791 __main__ [INFO]: El mensaje enviado fue GET_DATA ['G', 'E', 'T', '_', 'D', 'A', 'T', 'A']
2018-05-02 18:10:16,792 __main__ [ERROR]: No payload received
2018-05-02 18:10:17,850 __main__ [INFO]: El mensaje enviado fue GET_DATA ['G', 'E', 'T', '_', 'D', 'A', 'T', 'A']
2018-05-02 18:10:17,853 __main__ [ERROR]: No payload received
2018-05-02 18:10:18,911 __main__ [INFO]: El mensaje enviado fue GET_DATA ['G', 'E', 'T', '_', 'D', 'A', 'T', 'A']
2018-05-02 18:10:18,912 __main__ [ERROR]: No payload received
2018-05-02 18:10:19,970 __main__ [INFO]: El mensaje enviado fue GET_DATA ['G', 'E', 'T', '_', 'D', 'A', 'T', 'A']
2018-05-02 18:10:19,971 __main__ [ERROR]: No payload received
2018-05-02 18:10:21,029 __main__ [INFO]: El mensaje enviado fue GET_DATA ['G', 'E', 'T', '_', 'D', 'A', 'T', 'A']
2018-05-02 18:10:21,030 __main__ [ERROR]: No payload received
2018-05-02 18:10:22,088 __main__ [INFO]: El mensaje enviado fue GET_DATA ['G', 'E', 'T', '_', 'D', 'A', 'T', 'A']
2018-05-02 18:10:22,089 __main__ [ERROR]: No payload received
2018-05-02 18:10:23,147 __main__ [INFO]: El mensaje enviado fue GET_DATA ['G', 'E', 'T', '_', 'D', 'A', 'T', 'A']
2018-05-02 18:10:23,150 __main__ [ERROR]: No payload received
2018-05-02 18:10:24,208 __main__ [INFO]: El mensaje enviado fue GET_DATA ['G', 'E', 'T', '_', 'D', 'A', 'T', 'A']
2018-05-02 18:10:24,209 __main__ [ERROR]: No payload received
2018-05-02 18:10:25,267 __main__ [INFO]: El mensaje enviado fue GET_DATA ['G', 'E', 'T', '_', 'D', 'A', 'T', 'A']
2018-05-02 18:10:25,268 __main__ [ERROR]: No payload received
2018-05-02 18:10:26,326 __main__ [INFO]: El mensaje enviado fue GET_DATA ['G', 'E', 'T', '_', 'D', 'A', 'T', 'A']
2018-05-02 18:10:26,327 __main__ [ERROR]: No payload received
2018-05-02 18:10:27,385 __main__ [INFO]: El mensaje enviado fue GET_DATA ['G', 'E', 'T', '_', 'D', 'A', 'T', 'A']
2018-05-02 18:10:27,386 __main__ [ERROR]: No payload received
2018-05-02 18:10:28,444 __main__ [INFO]: El mensaje enviado fue GET_DATA ['G', 'E', 'T', '_', 'D', 'A', 'T', 'A']
2018-05-02 18:10:28,448 __main__ [ERROR]: No payload received
2018-05-02 18:10:29,506 __main__ [INFO]: El mensaje enviado fue GET_DATA ['G', 'E', 'T', '_', 'D', 'A', 'T', 'A']
2018-05-02 18:10:29,507 __main__ [ERROR]: No payload received
2018-05-02 18:10:30,565 __main__ [INFO]: El mensaje enviado fue GET_DATA ['G', 'E', 'T', '_', 'D', 'A', 'T', 'A']
2018-05-02 18:10:30,565 __main__ [ERROR]: No payload received
2018-05-02 18:10:31,624 __main__ [INFO]: El mensaje enviado fue GET_DATA ['G', 'E', 'T', '_', 'D', 'A', 'T', 'A']
2018-05-02 18:10:31,624 __main__ [ERROR]: No payload received
2018-05-02 18:10:32,682 __main__ [INFO]: El mensaje enviado fue GET_DATA ['G', 'E', 'T', '_', 'D', 'A', 'T', 'A']
2018-05-02 18:10:32,683 __main__ [ERROR]: No payload received
2018-05-02 18:10:33,741 __main__ [INFO]: El mensaje enviado fue GET_DATA ['G', 'E', 'T', '_', 'D', 'A', 'T', 'A']
2018-05-02 18:10:33,745 __main__ [ERROR]: No payload received
2018-05-02 18:10:34,804 __main__ [INFO]: El mensaje enviado fue GET_DATA ['G', 'E', 'T', '_', 'D', 'A', 'T', 'A']
2018-05-02 18:10:34,804 __main__ [ERROR]: No payload received
2018-05-02 18:10:35,862 __main__ [INFO]: El mensaje enviado fue GET_DATA ['G', 'E', 'T', '_', 'D', 'A', 'T', 'A']
2018-05-02 18:10:35,863 __main__ [ERROR]: No payload received
2018-05-02 18:10:36,921 __main__ [INFO]: El mensaje enviado fue GET_DATA ['G', 'E', 'T', '_', 'D', 'A', 'T', 'A']
2018-05-02 18:10:36,922 __main__ [ERROR]: No payload received
2018-05-02 18:10:37,980 __main__ [INFO]: El mensaje enviado fue GET_DATA ['G', 'E', 'T', '_', 'D', 'A', 'T', 'A']
2018-05-02 18:10:37,981 __main__ [ERROR]: No payload received
2018-05-02 18:10:39,040 __main__ [INFO]: El mensaje enviado fue GET_DATA ['G', 'E', 'T', '_', 'D', 'A', 'T', 'A']
2018-05-02 18:10:39,041 __main__ [ERROR]: No payload received
2018-05-02 18:10:40,099 __main__ [INFO]: El mensaje enviado fue GET_DATA ['G', 'E', 'T', '_', 'D', 'A', 'T', 'A']
2018-05-02 18:10:40,100 __main__ [ERROR]: No payload received
2018-05-02 18:10:41,158 __main__ [INFO]: El mensaje enviado fue GET_DATA ['G', 'E', 'T', '_', 'D', 'A', 'T', 'A']
2018-05-02 18:10:41,159 __main__ [ERROR]: No payload received
2018-05-02 18:10:42,217 __main__ [INFO]: El mensaje enviado fue GET_DATA ['G', 'E', 'T', '_', 'D', 'A', 'T', 'A']
2018-05-02 18:10:42,218 __main__ [ERROR]: No payload received
2018-05-02 18:10:43,276 __main__ [INFO]: El mensaje enviado fue GET_DATA ['G', 'E', 'T', '_', 'D', 'A', 'T', 'A']
2018-05-02 18:10:43,277 __main__ [ERROR]: No payload received
2018-05-02 18:10:44,335 __main__ [INFO]: El mensaje enviado fue GET_DATA ['G', 'E', 'T', '_', 'D', 'A', 'T', 'A']
2018-05-02 18:10:44,336 __main__ [ERROR]: No payload received
2018-05-02 18:10:45,394 __main__ [INFO]: El mensaje enviado fue GET_DATA ['G', 'E', 'T', '_', 'D', 'A', 'T', 'A']
2018-05-02 18:10:45,397 __main__ [ERROR]: No payload received
2018-05-02 18:10:46,455 __main__ [INFO]: El mensaje enviado fue GET_DATA ['G', 'E', 'T', '_', 'D', 'A', 'T', 'A']
2018-05-02 18:10:46,456 __main__ [ERROR]: No payload received
2018-05-02 18:10:47,502 __main__ [INFO]: El mensaje enviado fue GET_DATA ['G', 'E', 'T', '_', 'D', 'A', 'T', 'A']
2018-05-02 18:10:47,503 __main__ [ERROR]: No payload received
2018-05-02 18:10:48,561 __main__ [INFO]: El mensaje enviado fue GET_DATA ['G', 'E', 'T', '_', 'D', 'A', 'T', 'A']
2018-05-02 18:10:48,561 __main__ [ERROR]: No payload received
2018-05-02 18:10:49,608 __main__ [INFO]: El mensaje enviado fue GET_DATA ['G', 'E', 'T', '_', 'D', 'A', 'T', 'A']
2018-05-02 18:10:49,608 __main__ [ERROR]: No payload received
2018-05-02 18:10:50,666 __main__ [INFO]: El mensaje enviado fue GET_DATA ['G', 'E', 'T', '_', 'D', 'A', 'T', 'A']
2018-05-02 18:10:50,667 __main__ [ERROR]: No payload received
2018-05-02 18:10:51,726 __main__ [INFO]: El mensaje enviado fue GET_DATA ['G', 'E', 'T', '_', 'D', 'A', 'T', 'A']
2018-05-02 18:10:51,727 __main__ [ERROR]: No payload received
2018-05-02 18:10:52,773 __main__ [INFO]: El mensaje enviado fue GET_DATA ['G', 'E', 'T', '_', 'D', 'A', 'T', 'A']
2018-05-02 18:10:52,773 __main__ [ERROR]: No payload received
2018-05-02 18:10:59,313 __main__ [INFO]: El mensaje enviado fue GET_DATA ['G', 'E', 'T', '_', 'D', 'A', 'T', 'A']
2018-05-02 18:10:59,313 __main__ [ERROR]: No payload received
2018-05-02 18:10:59,359 __main__ [INFO]: El mensaje enviado fue GET_DATA ['G', 'E', 'T', '_', 'D', 'A', 'T', 'A']
2018-05-02 18:10:59,360 __main__ [ERROR]: No payload received
2018-05-02 18:10:59,405 __main__ [INFO]: El mensaje enviado fue GET_DATA ['G', 'E', 'T', '_', 'D', 'A', 'T', 'A']
2018-05-02 18:10:59,406 __main__ [ERROR]: No payload received
2018-05-02 18:10:59,450 __main__ [INFO]: El mensaje enviado fue GET_DATA ['G', 'E', 'T', '_', 'D', 'A', 'T', 'A']
2018-05-02 18:10:59,451 __main__ [ERROR]: No payload received
2018-05-02 18:10:59,496 __main__ [INFO]: El mensaje enviado fue GET_DATA ['G', 'E', 'T', '_', 'D', 'A', 'T', 'A']
2018-05-02 18:10:59,497 __main__ [ERROR]: No payload received
2018-05-02 18:10:59,541 __main__ [INFO]: El mensaje enviado fue GET_DATA ['G', 'E', 'T', '_', 'D', 'A', 'T', 'A']
2018-05-02 18:10:59,542 __main__ [ERROR]: No payload received
2018-05-02 18:10:59,587 __main__ [INFO]: El mensaje enviado fue GET_DATA ['G', 'E', 'T', '_', 'D', 'A', 'T', 'A']
2018-05-02 18:10:59,588 __main__ [ERROR]: No payload received
2018-05-02 18:10:59,632 __main__ [INFO]: El mensaje enviado fue GET_DATA ['G', 'E', 'T', '_', 'D', 'A', 'T', 'A']
2018-05-02 18:10:59,632 __main__ [ERROR]: No payload received
2018-05-02 18:10:59,678 __main__ [INFO]: El mensaje enviado fue GET_DATA ['G', 'E', 'T', '_', 'D', 'A', 'T', 'A']
2018-05-02 18:10:59,679 __main__ [ERROR]: No payload received
2018-05-02 18:10:59,723 __main__ [INFO]: El mensaje enviado fue GET_DATA ['G', 'E', 'T', '_', 'D', 'A', 'T', 'A']
2018-05-02 18:10:59,724 __main__ [ERROR]: No payload received
2018-05-02 18:10:59,769 __main__ [INFO]: El mensaje enviado fue GET_DATA ['G', 'E', 'T', '_', 'D', 'A', 'T', 'A']
2018-05-02 18:10:59,769 __main__ [ERROR]: No payload received
2018-05-02 18:10:59,814 __main__ [INFO]: El mensaje enviado fue GET_DATA ['G', 'E', 'T', '_', 'D', 'A', 'T', 'A']
2018-05-02 18:10:59,814 __main__ [ERROR]: No payload received
2018-05-02 18:10:59,860 __main__ [INFO]: El mensaje enviado fue GET_DATA ['G', 'E', 'T', '_', 'D', 'A', 'T', 'A']
2018-05-02 18:10:59,860 __main__ [ERROR]: No payload received
2018-05-02 18:10:59,905 __main__ [INFO]: El mensaje enviado fue GET_DATA ['G', 'E', 'T', '_', 'D', 'A', 'T', 'A']
2018-05-02 18:10:59,905 __main__ [ERROR]: No payload received
2018-05-02 18:10:59,951 __main__ [INFO]: El mensaje enviado fue GET_DATA ['G', 'E', 'T', '_', 'D', 'A', 'T', 'A']
2018-05-02 18:10:59,952 __main__ [ERROR]: No payload received
2018-05-02 18:10:59,996 __main__ [INFO]: El mensaje enviado fue GET_DATA ['G', 'E', 'T', '_', 'D', 'A', 'T', 'A']
2018-05-02 18:10:59,996 __main__ [ERROR]: No payload received
2018-05-02 18:11:00,042 __main__ [INFO]: El mensaje enviado fue GET_DATA ['G', 'E', 'T', '_', 'D', 'A', 'T', 'A']
2018-05-02 18:11:00,043 __main__ [ERROR]: No payload received
2018-05-02 18:11:00,088 __main__ [INFO]: El mensaje enviado fue GET_DATA ['G', 'E', 'T', '_', 'D', 'A', 'T', 'A']
2018-05-02 18:11:00,088 __main__ [ERROR]: No payload received
2018-05-02 18:11:00,146 __main__ [INFO]: El mensaje enviado fue GET_DATA ['G', 'E', 'T', '_', 'D', 'A', 'T', 'A']
2018-05-02 18:11:00,147 __main__ [ERROR]: No payload received
2018-05-02 18:11:00,201 __main__ [INFO]: El mensaje enviado fue GET_DATA ['G', 'E', 'T', '_', 'D', 'A', 'T', 'A']
2018-05-02 18:11:00,201 __main__ [ERROR]: No payload received
2018-05-02 18:11:00,247 __main__ [INFO]: El mensaje enviado fue GET_DATA ['G', 'E', 'T', '_', 'D', 'A', 'T', 'A']
2018-05-02 18:11:00,248 __main__ [ERROR]: No payload received
2018-05-02 18:11:00,292 __main__ [INFO]: El mensaje enviado fue GET_DATA ['G', 'E', 'T', '_', 'D', 'A', 'T', 'A']
2018-05-02 18:11:00,292 __main__ [ERROR]: No payload received
2018-05-02 18:11:00,338 __main__ [INFO]: El mensaje enviado fue GET_DATA ['G', 'E', 'T', '_', 'D', 'A', 'T', 'A']
2018-05-02 18:11:00,339 __main__ [ERROR]: No payload received
2018-05-02 18:11:00,383 __main__ [INFO]: El mensaje enviado fue GET_DATA ['G', 'E', 'T', '_', 'D', 'A', 'T', 'A']
2018-05-02 18:11:00,384 __main__ [ERROR]: No payload received
2018-05-02 18:11:00,430 __main__ [INFO]: El mensaje enviado fue GET_DATA ['G', 'E', 'T', '_', 'D', 'A', 'T', 'A']
2018-05-02 18:11:00,430 __main__ [ERROR]: No payload received
2018-05-02 18:11:00,475 __main__ [INFO]: El mensaje enviado fue GET_DATA ['G', 'E', 'T', '_', 'D', 'A', 'T', 'A']
2018-05-02 18:11:00,475 __main__ [ERROR]: No payload received
2018-05-02 18:11:00,521 __main__ [INFO]: El mensaje enviado fue GET_DATA ['G', 'E', 'T', '_', 'D', 'A', 'T', 'A']
2018-05-02 18:11:00,521 __main__ [ERROR]: No payload received
2018-05-02 18:11:00,566 __main__ [INFO]: El mensaje enviado fue GET_DATA ['G', 'E', 'T', '_', 'D', 'A', 'T', 'A']
2018-05-02 18:11:00,566 __main__ [ERROR]: No payload received
2018-05-02 18:11:00,612 __main__ [INFO]: El mensaje enviado fue GET_DATA ['G', 'E', 'T', '_', 'D', 'A', 'T', 'A']
2018-05-02 18:11:00,613 __main__ [ERROR]: No payload received
2018-05-02 18:11:00,657 __main__ [INFO]: El mensaje enviado fue GET_DATA ['G', 'E', 'T', '_', 'D', 'A', 'T', 'A']
2018-05-02 18:11:00,658 __main__ [ERROR]: No payload received
2018-05-02 18:11:00,703 __main__ [INFO]: El mensaje enviado fue GET_DATA ['G', 'E', 'T', '_', 'D', 'A', 'T', 'A']
2018-05-02 18:11:00,706 __main__ [ERROR]: No payload received
2018-05-02 18:11:00,750 __main__ [INFO]: El mensaje enviado fue GET_DATA ['G', 'E', 'T', '_', 'D', 'A', 'T', 'A']
2018-05-02 18:11:00,751 __main__ [ERROR]: No payload received
2018-05-02 18:11:00,796 __main__ [INFO]: El mensaje enviado fue GET_DATA ['G', 'E', 'T', '_', 'D', 'A', 'T', 'A']
2018-05-02 18:11:00,797 __main__ [ERROR]: No payload received
2018-05-02 18:11:00,841 __main__ [INFO]: El mensaje enviado fue GET_DATA ['G', 'E', 'T', '_', 'D', 'A', 'T', 'A']
2018-05-02 18:11:00,842 __main__ [ERROR]: No payload received
2018-05-02 18:11:00,887 __main__ [INFO]: El mensaje enviado fue GET_DATA ['G', 'E', 'T', '_', 'D', 'A', 'T', 'A']
2018-05-02 18:11:00,888 __main__ [ERROR]: No payload received
2018-05-02 18:11:00,941 __main__ [INFO]: El mensaje enviado fue GET_DATA ['G', 'E', 'T', '_', 'D', 'A', 'T', 'A']
2018-05-02 18:11:00,942 __main__ [ERROR]: No payload received
2018-05-02 18:11:01,000 __main__ [INFO]: El mensaje enviado fue GET_DATA ['G', 'E', 'T', '_', 'D', 'A', 'T', 'A']
2018-05-02 18:11:01,001 __main__ [ERROR]: No payload received
2018-05-02 18:11:01,058 __main__ [INFO]: El mensaje enviado fue GET_DATA ['G', 'E', 'T', '_', 'D', 'A', 'T', 'A']
2018-05-02 18:11:01,059 __main__ [ERROR]: No payload received
2018-05-02 18:11:01,114 __main__ [INFO]: El mensaje enviado fue GET_DATA ['G', 'E', 'T', '_', 'D', 'A', 'T', 'A']
2018-05-02 18:11:01,115 __main__ [ERROR]: No payload received
2018-05-02 18:11:01,160 __main__ [INFO]: El mensaje enviado fue GET_DATA ['G', 'E', 'T', '_', 'D', 'A', 'T', 'A']
2018-05-02 18:11:01,160 __main__ [ERROR]: No payload received
2018-05-02 18:11:01,206 __main__ [INFO]: El mensaje enviado fue GET_DATA ['G', 'E', 'T', '_', 'D', 'A', 'T', 'A']
2018-05-02 18:11:01,206 __main__ [ERROR]: No payload received
2018-05-02 18:11:01,251 __main__ [INFO]: El mensaje enviado fue GET_DATA ['G', 'E', 'T', '_', 'D', 'A', 'T', 'A']
2018-05-02 18:11:01,251 __main__ [ERROR]: No payload received
2018-05-02 18:11:01,297 __main__ [INFO]: El mensaje enviado fue GET_DATA ['G', 'E', 'T', '_', 'D', 'A', 'T', 'A']
2018-05-02 18:11:01,298 __main__ [ERROR]: No payload received
2018-05-02 18:11:01,342 __main__ [INFO]: El mensaje enviado fue GET_DATA ['G', 'E', 'T', '_', 'D', 'A', 'T', 'A']
2018-05-02 18:11:01,342 __main__ [ERROR]: No payload received
2018-05-02 18:11:01,388 __main__ [INFO]: El mensaje enviado fue GET_DATA ['G', 'E', 'T', '_', 'D', 'A', 'T', 'A']
2018-05-02 18:11:01,389 __main__ [ERROR]: No payload received
2018-05-02 18:11:01,433 __main__ [INFO]: El mensaje enviado fue GET_DATA ['G', 'E', 'T', '_', 'D', 'A', 'T', 'A']
2018-05-02 18:11:01,434 __main__ [ERROR]: No payload received
2018-05-02 18:11:01,479 __main__ [INFO]: El mensaje enviado fue GET_DATA ['G', 'E', 'T', '_', 'D', 'A', 'T', 'A']
2018-05-02 18:11:01,480 __main__ [ERROR]: No payload received
2018-05-02 18:11:01,524 __main__ [INFO]: El mensaje enviado fue GET_DATA ['G', 'E', 'T', '_', 'D', 'A', 'T', 'A']
2018-05-02 18:11:01,525 __main__ [ERROR]: No payload received
2018-05-02 18:11:01,570 __main__ [INFO]: El mensaje enviado fue GET_DATA ['G', 'E', 'T', '_', 'D', 'A', 'T', 'A']
2018-05-02 18:11:01,571 __main__ [ERROR]: No payload received
2018-05-02 18:11:01,615 __main__ [INFO]: El mensaje enviado fue GET_DATA ['G', 'E', 'T', '_', 'D', 'A', 'T', 'A']
2018-05-02 18:11:01,616 __main__ [ERROR]: No payload received
2018-05-02 18:11:01,662 __main__ [INFO]: El mensaje enviado fue GET_DATA ['G', 'E', 'T', '_', 'D', 'A', 'T', 'A']
2018-05-02 18:11:01,662 __main__ [ERROR]: No payload received
2018-05-02 18:11:01,707 __main__ [INFO]: El mensaje enviado fue GET_DATA ['G', 'E', 'T', '_', 'D', 'A', 'T', 'A']
2018-05-02 18:11:01,708 __main__ [ERROR]: No payload received
2018-05-02 18:11:01,754 __main__ [INFO]: El mensaje enviado fue GET_DATA ['G', 'E', 'T', '_', 'D', 'A', 'T', 'A']
2018-05-02 18:11:01,754 __main__ [ERROR]: No payload received
2018-05-02 18:11:01,799 __main__ [INFO]: El mensaje enviado fue GET_DATA ['G', 'E', 'T', '_', 'D', 'A', 'T', 'A']
2018-05-02 18:11:01,799 __main__ [ERROR]: No payload received
2018-05-02 18:11:01,857 __main__ [INFO]: El mensaje enviado fue GET_DATA ['G', 'E', 'T', '_', 'D', 'A', 'T', 'A']
2018-05-02 18:11:01,858 __main__ [ERROR]: No payload received
2018-05-02 18:11:01,916 __main__ [INFO]: El mensaje enviado fue GET_DATA ['G', 'E', 'T', '_', 'D', 'A', 'T', 'A']
2018-05-02 18:11:01,917 __main__ [ERROR]: No payload received
2018-05-02 18:11:01,975 __main__ [INFO]: El mensaje enviado fue GET_DATA ['G', 'E', 'T', '_', 'D', 'A', 'T', 'A']
2018-05-02 18:11:01,976 __main__ [ERROR]: No payload received
2018-05-02 18:11:02,034 __main__ [INFO]: El mensaje enviado fue GET_DATA ['G', 'E', 'T', '_', 'D', 'A', 'T', 'A']
2018-05-02 18:11:02,035 __main__ [ERROR]: No payload received
2018-05-02 18:11:02,093 __main__ [INFO]: El mensaje enviado fue GET_DATA ['G', 'E', 'T', '_', 'D', 'A', 'T', 'A']
2018-05-02 18:11:02,094 __main__ [ERROR]: No payload received
2018-05-02 18:11:02,152 __main__ [INFO]: El mensaje enviado fue GET_DATA ['G', 'E', 'T', '_', 'D', 'A', 'T', 'A']
2018-05-02 18:11:02,153 __main__ [ERROR]: No payload received
2018-05-02 18:11:02,211 __main__ [INFO]: El mensaje enviado fue GET_DATA ['G', 'E', 'T', '_', 'D', 'A', 'T', 'A']
2018-05-02 18:11:02,212 __main__ [ERROR]: No payload received
2018-05-02 18:11:02,270 __main__ [INFO]: El mensaje enviado fue GET_DATA ['G', 'E', 'T', '_', 'D', 'A', 'T', 'A']
2018-05-02 18:11:02,271 __main__ [ERROR]: No payload received
2018-05-02 18:11:02,329 __main__ [INFO]: El mensaje enviado fue GET_DATA ['G', 'E', 'T', '_', 'D', 'A', 'T', 'A']
2018-05-02 18:11:02,330 __main__ [ERROR]: No payload received
2018-05-02 18:11:02,388 __main__ [INFO]: El mensaje enviado fue GET_DATA ['G', 'E', 'T', '_', 'D', 'A', 'T', 'A']
2018-05-02 18:11:02,389 __main__ [ERROR]: No payload received
2018-05-02 18:11:02,447 __main__ [INFO]: El mensaje enviado fue GET_DATA ['G', 'E', 'T', '_', 'D', 'A', 'T', 'A']
2018-05-02 18:11:02,448 __main__ [ERROR]: No payload received
2018-05-02 18:11:02,506 __main__ [INFO]: El mensaje enviado fue GET_DATA ['G', 'E', 'T', '_', 'D', 'A', 'T', 'A']
2018-05-02 18:11:02,507 __main__ [ERROR]: No payload received
2018-05-02 18:11:02,565 __main__ [INFO]: El mensaje enviado fue GET_DATA ['G', 'E', 'T', '_', 'D', 'A', 'T', 'A']
2018-05-02 18:11:02,566 __main__ [ERROR]: No payload received
2018-05-02 18:11:02,624 __main__ [INFO]: El mensaje enviado fue GET_DATA ['G', 'E', 'T', '_', 'D', 'A', 'T', 'A']
2018-05-02 18:11:02,625 __main__ [ERROR]: No payload received
2018-05-02 18:11:02,683 __main__ [INFO]: El mensaje enviado fue GET_DATA ['G', 'E', 'T', '_', 'D', 'A', 'T', 'A']
2018-05-02 18:11:02,684 __main__ [ERROR]: No payload received
2018-05-02 18:11:02,743 __main__ [INFO]: El mensaje enviado fue GET_DATA ['G', 'E', 'T', '_', 'D', 'A', 'T', 'A']
2018-05-02 18:11:02,744 __main__ [ERROR]: No payload received
2018-05-02 18:11:02,801 __main__ [INFO]: El mensaje enviado fue GET_DATA ['G', 'E', 'T', '_', 'D', 'A', 'T', 'A']
2018-05-02 18:11:02,802 __main__ [ERROR]: No payload received
2018-05-02 18:11:02,861 __main__ [INFO]: El mensaje enviado fue GET_DATA ['G', 'E', 'T', '_', 'D', 'A', 'T', 'A']
2018-05-02 18:11:02,862 __main__ [ERROR]: No payload received
2018-05-02 18:11:02,920 __main__ [INFO]: El mensaje enviado fue GET_DATA ['G', 'E', 'T', '_', 'D', 'A', 'T', 'A']
2018-05-02 18:11:02,921 __main__ [ERROR]: No payload received
2018-05-02 18:11:02,979 __main__ [INFO]: El mensaje enviado fue GET_DATA ['G', 'E', 'T', '_', 'D', 'A', 'T', 'A']
2018-05-02 18:11:02,980 __main__ [ERROR]: No payload received
2018-05-02 18:11:03,038 __main__ [INFO]: El mensaje enviado fue GET_DATA ['G', 'E', 'T', '_', 'D', 'A', 'T', 'A']
2018-05-02 18:11:03,039 __main__ [ERROR]: No payload received
2018-05-02 18:11:03,097 __main__ [INFO]: El mensaje enviado fue GET_DATA ['G', 'E', 'T', '_', 'D', 'A', 'T', 'A']
2018-05-02 18:11:03,098 __main__ [ERROR]: No payload received
2018-05-02 18:11:03,156 __main__ [INFO]: El mensaje enviado fue GET_DATA ['G', 'E', 'T', '_', 'D', 'A', 'T', 'A']
2018-05-02 18:11:03,157 __main__ [ERROR]: No payload received
2018-05-02 18:11:03,215 __main__ [INFO]: El mensaje enviado fue GET_DATA ['G', 'E', 'T', '_', 'D', 'A', 'T', 'A']
2018-05-02 18:11:03,216 __main__ [ERROR]: No payload received
2018-05-02 18:11:03,274 __main__ [INFO]: El mensaje enviado fue GET_DATA ['G', 'E', 'T', '_', 'D', 'A', 'T', 'A']
2018-05-02 18:11:03,275 __main__ [ERROR]: No payload received
2018-05-02 18:11:03,333 __main__ [INFO]: El mensaje enviado fue GET_DATA ['G', 'E', 'T', '_', 'D', 'A', 'T', 'A']
2018-05-02 18:11:03,334 __main__ [ERROR]: No payload received
2018-05-02 18:11:03,392 __main__ [INFO]: El mensaje enviado fue GET_DATA ['G', 'E', 'T', '_', 'D', 'A', 'T', 'A']
2018-05-02 18:11:03,393 __main__ [ERROR]: No payload received
2018-05-02 18:11:03,451 __main__ [INFO]: El mensaje enviado fue GET_DATA ['G', 'E', 'T', '_', 'D', 'A', 'T', 'A']
2018-05-02 18:11:03,452 __main__ [ERROR]: No payload received
2018-05-02 18:11:03,510 __main__ [INFO]: El mensaje enviado fue GET_DATA ['G', 'E', 'T', '_', 'D', 'A', 'T', 'A']
2018-05-02 18:11:03,511 __main__ [ERROR]: No payload received
2018-05-02 18:11:03,569 __main__ [INFO]: El mensaje enviado fue GET_DATA ['G', 'E', 'T', '_', 'D', 'A', 'T', 'A']
2018-05-02 18:11:03,570 __main__ [ERROR]: No payload received
2018-05-02 18:11:03,628 __main__ [INFO]: El mensaje enviado fue GET_DATA ['G', 'E', 'T', '_', 'D', 'A', 'T', 'A']
2018-05-02 18:11:03,629 __main__ [ERROR]: No payload received
2018-05-02 18:11:03,687 __main__ [INFO]: El mensaje enviado fue GET_DATA ['G', 'E', 'T', '_', 'D', 'A', 'T', 'A']
2018-05-02 18:11:03,688 __main__ [ERROR]: No payload received
2018-05-02 18:11:03,747 __main__ [INFO]: El mensaje enviado fue GET_DATA ['G', 'E', 'T', '_', 'D', 'A', 'T', 'A']
2018-05-02 18:11:03,749 __main__ [ERROR]: No payload received
2018-05-02 18:11:03,811 __main__ [INFO]: El mensaje enviado fue GET_DATA ['G', 'E', 'T', '_', 'D', 'A', 'T', 'A']
2018-05-02 18:11:03,812 __main__ [ERROR]: No payload received
2018-05-02 18:11:03,871 __main__ [INFO]: El mensaje enviado fue GET_DATA ['G', 'E', 'T', '_', 'D', 'A', 'T', 'A']
2018-05-02 18:11:03,872 __main__ [ERROR]: No payload received
2018-05-02 18:11:03,934 __main__ [INFO]: El mensaje enviado fue GET_DATA ['G', 'E', 'T', '_', 'D', 'A', 'T', 'A']
2018-05-02 18:11:03,935 __main__ [ERROR]: No payload received
2018-05-02 18:11:03,999 __main__ [INFO]: El mensaje enviado fue GET_DATA ['G', 'E', 'T', '_', 'D', 'A', 'T', 'A']
2018-05-02 18:11:04,000 __main__ [ERROR]: No payload received
2018-05-02 18:11:04,060 __main__ [INFO]: El mensaje enviado fue GET_DATA ['G', 'E', 'T', '_', 'D', 'A', 'T', 'A']
2018-05-02 18:11:04,061 __main__ [ERROR]: No payload received
2018-05-02 18:11:04,120 __main__ [INFO]: El mensaje enviado fue GET_DATA ['G', 'E', 'T', '_', 'D', 'A', 'T', 'A']
2018-05-02 18:11:04,121 __main__ [ERROR]: No payload received
2018-05-02 18:11:04,179 __main__ [INFO]: El mensaje enviado fue GET_DATA ['G', 'E', 'T', '_', 'D', 'A', 'T', 'A']
2018-05-02 18:11:04,182 __main__ [ERROR]: No payload received
2018-05-02 18:11:04,241 __main__ [INFO]: El mensaje enviado fue GET_DATA ['G', 'E', 'T', '_', 'D', 'A', 'T', 'A']
2018-05-02 18:11:04,243 __main__ [ERROR]: No payload received
2018-05-02 18:11:04,290 __main__ [INFO]: El mensaje enviado fue GET_DATA ['G', 'E', 'T', '_', 'D', 'A', 'T', 'A']
2018-05-02 18:11:04,291 __main__ [ERROR]: No payload received
2018-05-02 18:11:04,336 __main__ [INFO]: El mensaje enviado fue GET_DATA ['G', 'E', 'T', '_', 'D', 'A', 'T', 'A']
2018-05-02 18:11:04,336 __main__ [ERROR]: No payload received
2018-05-02 18:11:04,380 __main__ [INFO]: El mensaje enviado fue GET_DATA ['G', 'E', 'T', '_', 'D', 'A', 'T', 'A']
2018-05-02 18:11:04,381 __main__ [ERROR]: No payload received
2018-05-02 18:11:04,427 __main__ [INFO]: El mensaje enviado fue GET_DATA ['G', 'E', 'T', '_', 'D', 'A', 'T', 'A']
2018-05-02 18:11:04,427 __main__ [ERROR]: No payload received
2018-05-02 18:11:04,472 __main__ [INFO]: El mensaje enviado fue GET_DATA ['G', 'E', 'T', '_', 'D', 'A', 'T', 'A']
2018-05-02 18:11:04,472 __main__ [ERROR]: No payload received
2018-05-02 18:11:04,517 __main__ [INFO]: El mensaje enviado fue GET_DATA ['G', 'E', 'T', '_', 'D', 'A', 'T', 'A']
2018-05-02 18:11:04,517 __main__ [ERROR]: No payload received
2018-05-02 18:11:04,562 __main__ [INFO]: El mensaje enviado fue GET_DATA ['G', 'E', 'T', '_', 'D', 'A', 'T', 'A']
2018-05-02 18:11:04,563 __main__ [ERROR]: No payload received
2018-05-02 18:11:04,607 __main__ [INFO]: El mensaje enviado fue GET_DATA ['G', 'E', 'T', '_', 'D', 'A', 'T', 'A']
2018-05-02 18:11:04,608 __main__ [ERROR]: No payload received
2018-05-02 18:11:04,653 __main__ [INFO]: El mensaje enviado fue GET_DATA ['G', 'E', 'T', '_', 'D', 'A', 'T', 'A']
2018-05-02 18:11:04,653 __main__ [ERROR]: No payload received
2018-05-02 18:11:04,699 __main__ [INFO]: El mensaje enviado fue GET_DATA ['G', 'E', 'T', '_', 'D', 'A', 'T', 'A']
2018-05-02 18:11:04,700 __main__ [ERROR]: No payload received
2018-05-02 18:11:04,745 __main__ [INFO]: El mensaje enviado fue GET_DATA ['G', 'E', 'T', '_', 'D', 'A', 'T', 'A']
2018-05-02 18:11:04,745 __main__ [ERROR]: No payload received
2018-05-02 18:11:04,791 __main__ [INFO]: El mensaje enviado fue GET_DATA ['G', 'E', 'T', '_', 'D', 'A', 'T', 'A']
2018-05-02 18:11:04,792 __main__ [ERROR]: No payload received
2018-05-02 18:11:04,836 __main__ [INFO]: El mensaje enviado fue GET_DATA ['G', 'E', 'T', '_', 'D', 'A', 'T', 'A']
2018-05-02 18:11:04,837 __main__ [ERROR]: No payload received
2018-05-02 18:11:04,881 __main__ [INFO]: El mensaje enviado fue GET_DATA ['G', 'E', 'T', '_', 'D', 'A', 'T', 'A']
2018-05-02 18:11:04,882 __main__ [ERROR]: No payload received
2018-05-02 18:11:04,927 __main__ [INFO]: El mensaje enviado fue GET_DATA ['G', 'E', 'T', '_', 'D', 'A', 'T', 'A']
2018-05-02 18:11:04,927 __main__ [ERROR]: No payload received
2018-05-02 18:11:04,977 __main__ [INFO]: El mensaje enviado fue GET_DATA ['G', 'E', 'T', '_', 'D', 'A', 'T', 'A']
2018-05-02 18:11:04,979 __main__ [ERROR]: No payload received
2018-05-02 18:11:05,039 __main__ [INFO]: El mensaje enviado fue GET_DATA ['G', 'E', 'T', '_', 'D', 'A', 'T', 'A']
2018-05-02 18:11:05,040 __main__ [ERROR]: No payload received
2018-05-02 18:11:05,097 __main__ [INFO]: El mensaje enviado fue GET_DATA ['G', 'E', 'T', '_', 'D', 'A', 'T', 'A']
2018-05-02 18:11:05,098 __main__ [ERROR]: No payload received
2018-05-02 18:11:05,156 __main__ [INFO]: El mensaje enviado fue GET_DATA ['G', 'E', 'T', '_', 'D', 'A', 'T', 'A']
2018-05-02 18:11:05,157 __main__ [ERROR]: No payload received
2018-05-02 18:11:05,215 __main__ [INFO]: El mensaje enviado fue GET_DATA ['G', 'E', 'T', '_', 'D', 'A', 'T', 'A']
2018-05-02 18:11:05,216 __main__ [ERROR]: No payload received
2018-05-02 18:11:05,275 __main__ [INFO]: El mensaje enviado fue GET_DATA ['G', 'E', 'T', '_', 'D', 'A', 'T', 'A']
2018-05-02 18:11:05,276 __main__ [ERROR]: No payload received
2018-05-02 18:11:05,334 __main__ [INFO]: El mensaje enviado fue GET_DATA ['G', 'E', 'T', '_', 'D', 'A', 'T', 'A']
2018-05-02 18:11:05,335 __main__ [ERROR]: No payload received
2018-05-02 18:11:05,393 __main__ [INFO]: El mensaje enviado fue GET_DATA ['G', 'E', 'T', '_', 'D', 'A', 'T', 'A']
2018-05-02 18:11:05,394 __main__ [ERROR]: No payload received
2018-05-02 18:11:05,452 __main__ [INFO]: El mensaje enviado fue GET_DATA ['G', 'E', 'T', '_', 'D', 'A', 'T', 'A']
2018-05-02 18:11:05,453 __main__ [ERROR]: No payload received
2018-05-02 18:11:05,511 __main__ [INFO]: El mensaje enviado fue GET_DATA ['G', 'E', 'T', '_', 'D', 'A', 'T', 'A']
2018-05-02 18:11:05,512 __main__ [ERROR]: No payload received
2018-05-02 18:11:05,570 __main__ [INFO]: El mensaje enviado fue GET_DATA ['G', 'E', 'T', '_', 'D', 'A', 'T', 'A']
2018-05-02 18:11:05,571 __main__ [ERROR]: No payload received
2018-05-02 18:11:05,629 __main__ [INFO]: El mensaje enviado fue GET_DATA ['G', 'E', 'T', '_', 'D', 'A', 'T', 'A']
2018-05-02 18:11:05,630 __main__ [ERROR]: No payload received
2018-05-02 18:11:05,687 __main__ [INFO]: El mensaje enviado fue GET_DATA ['G', 'E', 'T', '_', 'D', 'A', 'T', 'A']
2018-05-02 18:11:05,688 __main__ [ERROR]: No payload received
2018-05-02 18:11:05,746 __main__ [INFO]: El mensaje enviado fue GET_DATA ['G', 'E', 'T', '_', 'D', 'A', 'T', 'A']
2018-05-02 18:11:05,750 __main__ [ERROR]: No payload received
2018-05-02 18:11:05,808 __main__ [INFO]: El mensaje enviado fue GET_DATA ['G', 'E', 'T', '_', 'D', 'A', 'T', 'A']
2018-05-02 18:11:05,809 __main__ [ERROR]: No payload received
2018-05-02 18:11:05,868 __main__ [INFO]: El mensaje enviado fue GET_DATA ['G', 'E', 'T', '_', 'D', 'A', 'T', 'A']
2018-05-02 18:11:05,869 __main__ [ERROR]: No payload received
2018-05-02 18:11:05,927 __main__ [INFO]: El mensaje enviado fue GET_DATA ['G', 'E', 'T', '_', 'D', 'A', 'T', 'A']
2018-05-02 18:11:05,928 __main__ [ERROR]: No payload received
2018-05-02 18:11:05,986 __main__ [INFO]: El mensaje enviado fue GET_DATA ['G', 'E', 'T', '_', 'D', 'A', 'T', 'A']
2018-05-02 18:11:05,987 __main__ [ERROR]: No payload received
2018-05-02 18:11:06,045 __main__ [INFO]: El mensaje enviado fue GET_DATA ['G', 'E', 'T', '_', 'D', 'A', 'T', 'A']
2018-05-02 18:11:06,046 __main__ [ERROR]: No payload received
2018-05-02 18:11:06,104 __main__ [INFO]: El mensaje enviado fue GET_DATA ['G', 'E', 'T', '_', 'D', 'A', 'T', 'A']
2018-05-02 18:11:06,105 __main__ [ERROR]: No payload received
2018-05-02 18:11:06,163 __main__ [INFO]: El mensaje enviado fue GET_DATA ['G', 'E', 'T', '_', 'D', 'A', 'T', 'A']
2018-05-02 18:11:06,164 __main__ [ERROR]: No payload received
